LockAPKPlugin/proguard-project.cfg
# To enable ProGuard in your project, edit project.properties
# to define the proguard.config property as described in that file.
#
# Add project specific ProGuard rules here.
# By default, the flags in this file are appended to flags specified
# in ${sdk.dir}/tools/proguard/proguard-android.txt
# You can edit the include path and order by changing the ProGuard
# include property in project.properties.
#
# For more details, see
#   http://developer.android.com/guide/developing/tools/proguard.html

# Add any project specific keep options here:

# If your project uses WebView with JS, uncomment the following
# and specify the fully qualified class name to the JavaScript interface
# class:
#-keepclassmembers class fqcn.of.javascript.interface.for.webview {
#   public *;
#}


-optimizationpasses 5
-dontusemixedcaseclassnames
-dontskipnonpubliclibraryclasses
-dontpreverify
-verbose
-optimizations !code/simplification/arithmetic,!field/*,!class/merging/*
-ignorewarnings

-keep public class * extends android.app.Activity
-keep public class * extends android.app.Application
-keep public class * extends android.app.Service
-keep public class * extends android.content.BroadcastReceiver
-keep public class * extends android.content.ContentProvider
-keep public class * extends android.app.backup.BackupAgentHelper
-keep public class * extends android.preference.Preference
-keep public class com.android.vending.licensing.ILicensingService

-keepclasseswithmembernames class * {
    native <methods>;
}

-keepclasseswithmembers class * {
    public <init>(android.content.Context, android.util.AttributeSet);
}

-keepclasseswithmembers class * {
    public <init>(android.content.Context, android.util.AttributeSet, int);
}

-keepclassmembers class * extends android.app.Activity {
   public void *(android.view.View);
}

-keepclassmembers enum * {
    public static **[] values();
    public static ** valueOf(java.lang.String);
}

-keep class * implements android.os.Parcelable {
  public static final android.os.Parcelable$Creator *;
}

-keepclassmembers class fqcn.of.javascript.interface.for.webview {
   public *;
}


#------ 保护 谷歌第三方 jar 包，界面特效 ----------
-keep class android.support.v4.**
-dontwarn android.support.v4.**
-keep class com.android.internal.telephony.IPhoneSubInfo
-dontwarn com.android.internal.telephony.IPhoneSubInfo
-keep class com.android.internal.telephony.ITelephony
-dontwarn com.android.internal.telephony.ITelephony
-keep class android.os.**
-dontwarn android.os.**
-keep class com.kpsh.sdk.KpshSdk
-dontwarn com.kpsh.sdk.KpshSdk


# ---------保护所有实体中的字段名称----------
-keepclassmembers class * implements java.io.Serializable {
	<fields>;
}

# --------- 保护类中的所有方法名 ------------
-keepclassmembers class * {
	public <methods>;
}

-keep public class com.cooeelock.core.**{ *; }