LockAPKPlugin/proguard/seeds.txt
com.cooeelock.core.IPluginProxy
com.cooeelock.core.IPluginProxy: int execute(java.lang.String,org.json.JSONArray)
com.cooeelock.core.IPluginProxy: void onPause(java.lang.Boolean)
com.cooeelock.core.IPluginProxy: void onResume(java.lang.Boolean)
com.cooeelock.core.IPluginProxy: void onStart()
com.cooeelock.core.IPluginProxy: void onStop()
com.cooeelock.core.IPluginProxy: void onNewIntent(android.content.Intent)
com.cooeelock.core.IPluginProxy: void onDestroy()
com.cooeelock.core.IPluginProxy: void onLauncherLoadFinish()
com.cooeelock.core.IPluginProxy: void onActivityResult(java.lang.Integer,java.lang.Integer,android.content.Intent)
com.cooeelock.core.IPluginProxy: java.lang.Boolean shouldAllowRequest(java.lang.String)
com.cooeelock.core.IPluginProxy: java.lang.Boolean shouldAllowNavigation(java.lang.String)
com.cooeelock.core.IPluginProxy: java.lang.Boolean shouldOpenExternalUrl(java.lang.String)
com.cooeelock.core.IPluginProxy: boolean onOverrideUrlLoading(java.lang.String)
com.cooeelock.core.IPluginProxy: android.net.Uri remapUri(android.net.Uri)
com.cooeelock.core.IPluginProxy: void onConfigurationChanged(android.content.res.Configuration)
com.cooeelock.core.IPluginProxy: void onPageFinishedLoading()
com.cooeelock.core.PluginProxy
com.cooeelock.core.PluginProxy: java.lang.String TAG
com.cooeelock.core.PluginProxy: java.lang.String ACTION_EXAMPLE
com.cooeelock.core.PluginProxy: android.content.Context mRemoteContext
com.cooeelock.core.PluginProxy: android.content.Context mContext
com.cooeelock.core.PluginProxy: PluginProxy(android.content.Context,android.content.Context)
com.cooeelock.core.PluginProxy: int execute(java.lang.String,org.json.JSONArray)
com.cooeelock.core.PluginProxy: void onPause(java.lang.Boolean)
com.cooeelock.core.PluginProxy: void onResume(java.lang.Boolean)
com.cooeelock.core.PluginProxy: void onStart()
com.cooeelock.core.PluginProxy: void onStop()
com.cooeelock.core.PluginProxy: void onNewIntent(android.content.Intent)
com.cooeelock.core.PluginProxy: void onDestroy()
com.cooeelock.core.PluginProxy: void onLauncherLoadFinish()
com.cooeelock.core.PluginProxy: void onActivityResult(java.lang.Integer,java.lang.Integer,android.content.Intent)
com.cooeelock.core.PluginProxy: java.lang.Boolean shouldAllowRequest(java.lang.String)
com.cooeelock.core.PluginProxy: java.lang.Boolean shouldAllowNavigation(java.lang.String)
com.cooeelock.core.PluginProxy: java.lang.Boolean shouldOpenExternalUrl(java.lang.String)
com.cooeelock.core.PluginProxy: boolean onOverrideUrlLoading(java.lang.String)
com.cooeelock.core.PluginProxy: android.net.Uri remapUri(android.net.Uri)
com.cooeelock.core.PluginProxy: void onConfigurationChanged(android.content.res.Configuration)
com.cooeelock.plugin.example.ExamplePlugin: ExamplePlugin()
com.cooeelock.plugin.example.ExamplePlugin: int execute(org.json.JSONArray)
com.cooeelock.plugin.example.PluginBroadcast
com.cooeelock.plugin.example.PluginBroadcast: PluginBroadcast()
com.cooeelock.plugin.example.PluginBroadcast: void onReceive(android.content.Context,android.content.Intent)
com.cooeelock.plugin.example.PluginTest: PluginTest()
com.cooeelock.plugin.example.PluginTest: void print(java.lang.String,org.json.JSONArray)
com.cooeelock.plugin.example.PluginTestService
com.cooeelock.plugin.example.PluginTestService: PluginTestService()
com.cooeelock.plugin.example.PluginTestService: android.os.IBinder onBind(android.content.Intent)
com.cooeelock.plugin.example.PluginTestService: void onCreate()
com.cooeelock.plugin.example.PluginTestService: int onStartCommand(android.content.Intent,int,int)
com.cooeelock.plugin.example.PluginTestService: void onDestroy()